<?xml version="1.0" encoding="UTF-8"?>
<!-- Generated by org.testng.reporters.JUnitXMLReporter -->
<testsuite ignored="0" hostname="LAPTOP-CRAIG" failures="0" tests="5" name="Default test" time="3.39" errors="0" timestamp="2021-01-19T12:39:29 GMT">
  <testcase classname="testCases.TC_VideoGame_API" name="test_AddNewVideoGame" time="2.201"/>
  <testcase classname="testCases.TC_VideoGame_API" name="test_GetVideoGame" time="1.013"/>
  <testcase classname="testCases.TC_VideoGame_API" name="test_UpdateVideoGame" time="0.073"/>
  <testcase classname="testCases.TC_VideoGame_API" name="test_DeleteVideoGame" time="0.028"/>
  <testcase classname="testCases.TC_VideoGame_API" name="test_GetAllVideoGames" time="0.023"/>
</testsuite> <!-- Default test -->
