<?xml version="1.0" encoding="UTF-8"?>
<!-- Generated by org.testng.reporters.JUnitXMLReporter -->
<testsuite ignored="0" hostname="LAPTOP-CRAIG" failures="0" tests="5" name="Test" time="3.259" errors="0" timestamp="2021-01-19T13:14:07 GMT">
  <testcase classname="testCases.TC_VideoGame_API" name="test_AddNewVideoGame" time="2.27"/>
  <testcase classname="testCases.TC_VideoGame_API" name="test_GetVideoGame" time="0.789"/>
  <testcase classname="testCases.TC_VideoGame_API" name="test_UpdateVideoGame" time="0.089"/>
  <testcase classname="testCases.TC_VideoGame_API" name="test_DeleteVideoGame" time="0.032"/>
  <testcase classname="testCases.TC_VideoGame_API" name="test_GetAllVideoGames" time="0.033"/>
</testsuite> <!-- Test -->
