<?xml version="1.0" encoding="UTF-8"?>
<testsuite xmlns:xsi="http://www.w3.org/2001/XMLSchema-instance" xsi:noNamespaceSchemaLocation="https://maven.apache.org/surefire/maven-surefire-plugin/xsd/surefire-test-report.xsd" name="TestSuite" time="3.87" tests="5" errors="0" skipped="0" failures="0">
  <properties>
[...]
</properties>
  <testcase name="test_AddNewVideoGame" classname="testCases.TC_VideoGame_API" time="2.273"/>
  <testcase name="test_GetVideoGame" classname="testCases.TC_VideoGame_API" time="0.789"/>
  <testcase name="test_UpdateVideoGame" classname="testCases.TC_VideoGame_API" time="0.089"/>
  <testcase name="test_DeleteVideoGame" classname="testCases.TC_VideoGame_API" time="0.032"/>
  <testcase name="test_GetAllVideoGames" classname="testCases.TC_VideoGame_API" time="0.032"/>
</testsuite>