<?xml version="1.0" encoding="UTF-8"?>
<testng-results ignored="0" total="5" passed="5" failed="0" skipped="0">
  <reporter-output>
  </reporter-output>
  <suite started-at="2021-01-19T13:10:05 GMT" name="Suite" finished-at="2021-01-19T13:10:08 GMT" duration-ms="3100">
    <groups>
    </groups>
    <test started-at="2021-01-19T13:10:05 GMT" name="Test" finished-at="2021-01-19T13:10:08 GMT" duration-ms="3100">
      <class name="testCases.TC_VideoGame_API">
        <test-method signature="test_AddNewVideoGame()[pri:1, instance:testCases.TC_VideoGame_API@28975c28]" started-at="2021-01-19T13:10:05 GMT" name="test_AddNewVideoGame" finished-at="2021-01-19T13:10:07 GMT" duration-ms="2186" status="PASS">
          <reporter-output>
          </reporter-output>
        </test-method> <!-- test_AddNewVideoGame -->
        <test-method signature="test_GetVideoGame()[pri:2, instance:testCases.TC_VideoGame_API@28975c28]" started-at="2021-01-19T13:10:07 GMT" name="test_GetVideoGame" finished-at="2021-01-19T13:10:08 GMT" duration-ms="710" status="PASS">
          <reporter-output>
          </reporter-output>
        </test-method> <!-- test_GetVideoGame -->
        <test-method signature="test_UpdateVideoGame()[pri:3, instance:testCases.TC_VideoGame_API@28975c28]" started-at="2021-01-19T13:10:08 GMT" name="test_UpdateVideoGame" finished-at="2021-01-19T13:10:08 GMT" duration-ms="86" status="PASS">
          <reporter-output>
          </reporter-output>
        </test-method> <!-- test_UpdateVideoGame -->
        <test-method signature="test_DeleteVideoGame()[pri:4, instance:testCases.TC_VideoGame_API@28975c28]" started-at="2021-01-19T13:10:08 GMT" name="test_DeleteVideoGame" finished-at="2021-01-19T13:10:08 GMT" duration-ms="30" status="PASS">
          <reporter-output>
          </reporter-output>
        </test-method> <!-- test_DeleteVideoGame -->
        <test-method signature="test_GetAllVideoGames()[pri:5, instance:testCases.TC_VideoGame_API@28975c28]" started-at="2021-01-19T13:10:08 GMT" name="test_GetAllVideoGames" finished-at="2021-01-19T13:10:08 GMT" duration-ms="29" status="PASS">
          <reporter-output>
          </reporter-output>
        </test-method> <!-- test_GetAllVideoGames -->
      </class> <!-- testCases.TC_VideoGame_API -->
    </test> <!-- Test -->
  </suite> <!-- Suite -->
</testng-results>
